INFO:     Will watch for changes in these directories: ['/home/kali/Desktop/website 1/backend']
INFO:     Uvicorn running on http://0.0.0.0:8000 (Press CTRL+C to quit)
INFO:     Started reloader process [166998] using WatchFiles
INFO:     Started server process [167002]
INFO:     Waiting for application startup.
INFO:     Application startup complete.
INFO:     127.0.0.1:54948 - "GET /health HTTP/1.1" 200 OK
INFO:     127.0.0.1:44290 - "OPTIONS /api/v1/auth/login HTTP/1.1" 400 Bad Request
INFO:     127.0.0.1:35688 - "OPTIONS /api/v1/auth/register HTTP/1.1" 400 Bad Request
INFO:     127.0.0.1:41238 - "OPTIONS /api/v1/auth/login HTTP/1.1" 400 Bad Request
INFO:     127.0.0.1:50702 - "OPTIONS /api/v1/auth/register HTTP/1.1" 400 Bad Request
WARNING:  WatchFiles detected changes in 'app/api/v1/auth/routes.py'. Reloading...
INFO:     Shutting down
INFO:     Waiting for application shutdown.
INFO:     Application shutdown complete.
INFO:     Finished server process [167002]
WARNING:  WatchFiles detected changes in 'app/schemas/user.py'. Reloading...
INFO:     Started server process [173439]
INFO:     Waiting for application startup.
INFO:     Application startup complete.
INFO:     Started server process [173627]
INFO:     Waiting for application startup.
INFO:     Application startup complete.
INFO:     127.0.0.1:51946 - "OPTIONS /api/v1/auth/login HTTP/1.1" 400 Bad Request
WARNING:  WatchFiles detected changes in 'app/api/v1/auth/routes.py'. Reloading...
INFO:     Shutting down
INFO:     Waiting for application shutdown.
INFO:     Application shutdown complete.
INFO:     Finished server process [173627]
INFO:     Started server process [174002]
INFO:     Waiting for application startup.
INFO:     Application startup complete.
WARNING:  WatchFiles detected changes in 'app/api/v1/auth/routes.py'. Reloading...
INFO:     Shutting down
INFO:     Waiting for application shutdown.
INFO:     Application shutdown complete.
INFO:     Finished server process [174002]
INFO:     Started server process [174113]
INFO:     Waiting for application startup.
INFO:     Application startup complete.
WARNING:  WatchFiles detected changes in 'app/main.py'. Reloading...
INFO:     Shutting down
INFO:     Waiting for application shutdown.
INFO:     Application shutdown complete.
INFO:     Finished server process [174113]
INFO:     Started server process [174252]
INFO:     Waiting for application startup.
INFO:     Application startup complete.
INFO:     Shutting down
INFO:     Waiting for application shutdown.
INFO:     Application shutdown complete.
INFO:     Finished server process [174252]
INFO:     Stopping reloader process [166998]
